<?xml version="1.0" encoding="UTF-8" ?>
<testsuite tests="8" failures="2" name="TestSuite" time="47.64" errors="0" skipped="0">
  <properties>
[...]
</properties>
  <testcase classname="com.crm.qa.testcases.ContactsPageTest" name="validateCreateNewContact" time="12.769"/>
  <testcase classname="com.crm.qa.testcases.ContactsPageTest" name="validateCreateNewContact" time="20.377">
    <failure message="No frame element found by name or id mainpanel
Build info: version: &apos;3.13.0&apos;, revision: &apos;2f0d292&apos;, time: &apos;2018-06-25T15:24:21.231Z&apos;
System info: host: &apos;SIT-PC&apos;, ip: &apos;192.168.0.100&apos;, os.name: &apos;Windows 7&apos;, os.arch: &apos;amd64&apos;, os.version: &apos;6.1&apos;, java.version: &apos;1.8.0_152&apos;
Driver info: driver.version: unknown" type="org.openqa.selenium.NoSuchFrameException">org.openqa.selenium.NoSuchFrameException: No frame element found by name or id mainpanel
Build info: version: &apos;3.13.0&apos;, revision: &apos;2f0d292&apos;, time: &apos;2018-06-25T15:24:21.231Z&apos;
System info: host: &apos;SIT-PC&apos;, ip: &apos;192.168.0.100&apos;, os.name: &apos;Windows 7&apos;, os.arch: &apos;amd64&apos;, os.version: &apos;6.1&apos;, java.version: &apos;1.8.0_152&apos;
Driver info: driver.version: unknown
	at org.openqa.selenium.remote.RemoteWebDriver$RemoteTargetLocator.frame(RemoteWebDriver.java:881)
	at com.crm.qa.pages.HomePage.clickContactLink(HomePage.java:42)
	at com.crm.qa.testcases.ContactsPageTest.validateCreateNewContact(ContactsPageTest.java:50)
</failure>
  </testcase>
  <testcase classname="com.crm.qa.testcases.HomePageTest" name="validateHomePageTitle" time="0.029"/>
  <testcase classname="com.crm.qa.testcases.HomePageTest" name="validateUsername" time="0.192"/>
  <testcase classname="com.crm.qa.testcases.HomePageTest" name="verifyContactsLinkTest" time="2.862"/>
  <testcase classname="com.crm.qa.testcases.LoginPageTest" name="validateLogin" time="10.68"/>
  <testcase classname="com.crm.qa.testcases.LoginPageTest" name="validateLoginPageLogo" time="0.51"/>
  <testcase classname="com.crm.qa.testcases.LoginPageTest" name="validateLoginPageTitle" time="0.221">
    <failure message="expected [Free CRM software in the cloud powers sales and customer service] but found [#1 Free CRM software in the cloud for sales and service]" type="java.lang.AssertionError">java.lang.AssertionError: expected [Free CRM software in the cloud powers sales and customer service] but found [#1 Free CRM software in the cloud for sales and service]
	at org.testng.Assert.fail(Assert.java:93)
	at org.testng.Assert.failNotEquals(Assert.java:512)
	at org.testng.Assert.assertEqualsImpl(Assert.java:134)
	at org.testng.Assert.assertEquals(Assert.java:115)
	at org.testng.Assert.assertEquals(Assert.java:189)
	at org.testng.Assert.assertEquals(Assert.java:199)
	at com.crm.qa.testcases.LoginPageTest.validateLoginPageTitle(LoginPageTest.java:36)
</failure>
    <system-err>Starting ChromeDriver 2.38.552522 (437e6fbedfa8762dec75e2c5b3ddb86763dc9dcb) on port 38546
Only local connections are allowed.
Aug 18, 2018 2:33:18 PM org.openqa.selenium.remote.ProtocolHandshake createSession
INFO: Detected dialect: OSS
</system-err>
  </testcase>
</testsuite>